GowinSynthesis start
Running parser ...
Analyzing Verilog file '/home/tugmirk/gowin/IDE/ipcore/HYPERRAM/data/HPRAM_TOP.v'
Analyzing included file 'hpram_define.v'("/home/tugmirk/gowin/IDE/ipcore/HYPERRAM/data/HPRAM_TOP.v":2)
Back to file '/home/tugmirk/gowin/IDE/ipcore/HYPERRAM/data/HPRAM_TOP.v'("/home/tugmirk/gowin/IDE/ipcore/HYPERRAM/data/HPRAM_TOP.v":2)
Analyzing included file '/home/tugmirk/gowin/IDE/ipcore/HYPERRAM/data/hpram_local_define.v'("/home/tugmirk/gowin/IDE/ipcore/HYPERRAM/data/HPRAM_TOP.v":3)
Back to file '/home/tugmirk/gowin/IDE/ipcore/HYPERRAM/data/HPRAM_TOP.v'("/home/tugmirk/gowin/IDE/ipcore/HYPERRAM/data/HPRAM_TOP.v":3)
Analyzing included file 'hpram_param.v'("/home/tugmirk/gowin/IDE/ipcore/HYPERRAM/data/HPRAM_TOP.v":31)
Back to file '/home/tugmirk/gowin/IDE/ipcore/HYPERRAM/data/HPRAM_TOP.v'("/home/tugmirk/gowin/IDE/ipcore/HYPERRAM/data/HPRAM_TOP.v":31)
Analyzing included file '/home/tugmirk/gowin/IDE/ipcore/HYPERRAM/data/hpram_local_param.v'("/home/tugmirk/gowin/IDE/ipcore/HYPERRAM/data/HPRAM_TOP.v":32)
Back to file '/home/tugmirk/gowin/IDE/ipcore/HYPERRAM/data/HPRAM_TOP.v'("/home/tugmirk/gowin/IDE/ipcore/HYPERRAM/data/HPRAM_TOP.v":32)
Analyzing Verilog file '/home/tugmirk/gowin/IDE/ipcore/HYPERRAM/data/hpram_code_1N2A.v'
Analyzing included file '/home/tugmirk/gowin/IDE/ipcore/HYPERRAM/data/hpram_local_define.v'("/home/tugmirk/gowin/IDE/ipcore/HYPERRAM/data/hpram_code_1N2A.v":1285)
Back to file '/home/tugmirk/gowin/IDE/ipcore/HYPERRAM/data/hpram_code_1N2A.v'("/home/tugmirk/gowin/IDE/ipcore/HYPERRAM/data/hpram_code_1N2A.v":1285)
Analyzing included file 'hpram_define.v'("/home/tugmirk/gowin/IDE/ipcore/HYPERRAM/data/hpram_code_1N2A.v":1285)
Back to file '/home/tugmirk/gowin/IDE/ipcore/HYPERRAM/data/hpram_code_1N2A.v'("/home/tugmirk/gowin/IDE/ipcore/HYPERRAM/data/hpram_code_1N2A.v":1285)
Analyzing included file 'hpram_param.v'("/home/tugmirk/gowin/IDE/ipcore/HYPERRAM/data/hpram_code_1N2A.v":1285)
Back to file '/home/tugmirk/gowin/IDE/ipcore/HYPERRAM/data/hpram_code_1N2A.v'("/home/tugmirk/gowin/IDE/ipcore/HYPERRAM/data/hpram_code_1N2A.v":1285)
Analyzing included file '/home/tugmirk/gowin/IDE/ipcore/HYPERRAM/data/hpram_local_param.v'("/home/tugmirk/gowin/IDE/ipcore/HYPERRAM/data/hpram_code_1N2A.v":1285)
Back to file '/home/tugmirk/gowin/IDE/ipcore/HYPERRAM/data/hpram_code_1N2A.v'("/home/tugmirk/gowin/IDE/ipcore/HYPERRAM/data/hpram_code_1N2A.v":1285)
Analyzing included file 'hpram_param.v'("/home/tugmirk/gowin/IDE/ipcore/HYPERRAM/data/hpram_code_1N2A.v":1285)
Back to file '/home/tugmirk/gowin/IDE/ipcore/HYPERRAM/data/hpram_code_1N2A.v'("/home/tugmirk/gowin/IDE/ipcore/HYPERRAM/data/hpram_code_1N2A.v":1285)
Analyzing included file '/home/tugmirk/gowin/IDE/ipcore/HYPERRAM/data/hpram_local_param.v'("/home/tugmirk/gowin/IDE/ipcore/HYPERRAM/data/hpram_code_1N2A.v":1285)
Back to file '/home/tugmirk/gowin/IDE/ipcore/HYPERRAM/data/hpram_code_1N2A.v'("/home/tugmirk/gowin/IDE/ipcore/HYPERRAM/data/hpram_code_1N2A.v":1285)
Analyzing included file 'hpram_param.v'("/home/tugmirk/gowin/IDE/ipcore/HYPERRAM/data/hpram_code_1N2A.v":1285)
Back to file '/home/tugmirk/gowin/IDE/ipcore/HYPERRAM/data/hpram_code_1N2A.v'("/home/tugmirk/gowin/IDE/ipcore/HYPERRAM/data/hpram_code_1N2A.v":1285)
Analyzing included file 'hpram_param.v'("/home/tugmirk/gowin/IDE/ipcore/HYPERRAM/data/hpram_code_1N2A.v":1285)
Back to file '/home/tugmirk/gowin/IDE/ipcore/HYPERRAM/data/hpram_code_1N2A.v'("/home/tugmirk/gowin/IDE/ipcore/HYPERRAM/data/hpram_code_1N2A.v":1285)
Analyzing included file '/home/tugmirk/gowin/IDE/ipcore/HYPERRAM/data/hpram_local_param.v'("/home/tugmirk/gowin/IDE/ipcore/HYPERRAM/data/hpram_code_1N2A.v":1285)
Back to file '/home/tugmirk/gowin/IDE/ipcore/HYPERRAM/data/hpram_code_1N2A.v'("/home/tugmirk/gowin/IDE/ipcore/HYPERRAM/data/hpram_code_1N2A.v":1285)
Undeclared symbol 'clk_x2p', assumed default net type 'wire'("/home/tugmirk/gowin/IDE/ipcore/HYPERRAM/data/hpram_code_1N2A.v":1285)
Undeclared symbol 'dll_lock', assumed default net type 'wire'("/home/tugmirk/gowin/IDE/ipcore/HYPERRAM/data/hpram_code_1N2A.v":1285)
Undeclared symbol 'pause', assumed default net type 'wire'("/home/tugmirk/gowin/IDE/ipcore/HYPERRAM/data/hpram_code_1N2A.v":1285)
Undeclared symbol 'stop', assumed default net type 'wire'("/home/tugmirk/gowin/IDE/ipcore/HYPERRAM/data/hpram_code_1N2A.v":1285)
Undeclared symbol 'uddcntln', assumed default net type 'wire'("/home/tugmirk/gowin/IDE/ipcore/HYPERRAM/data/hpram_code_1N2A.v":1285)
Undeclared symbol 'dll_rsti', assumed default net type 'wire'("/home/tugmirk/gowin/IDE/ipcore/HYPERRAM/data/hpram_code_1N2A.v":1285)
Analyzing included file 'hpram_param.v'("/home/tugmirk/gowin/IDE/ipcore/HYPERRAM/data/hpram_code_1N2A.v":1285)
Back to file '/home/tugmirk/gowin/IDE/ipcore/HYPERRAM/data/hpram_code_1N2A.v'("/home/tugmirk/gowin/IDE/ipcore/HYPERRAM/data/hpram_code_1N2A.v":1285)
Analyzing included file '/home/tugmirk/gowin/IDE/ipcore/HYPERRAM/data/hpram_local_param.v'("/home/tugmirk/gowin/IDE/ipcore/HYPERRAM/data/hpram_code_1N2A.v":1285)
Back to file '/home/tugmirk/gowin/IDE/ipcore/HYPERRAM/data/hpram_code_1N2A.v'("/home/tugmirk/gowin/IDE/ipcore/HYPERRAM/data/hpram_code_1N2A.v":1285)
Compiling module 'HyperRAM_Memory_Interface_Top'("/home/tugmirk/gowin/IDE/ipcore/HYPERRAM/data/HPRAM_TOP.v":5)
WARN  (EX3073) : Port '**' remains unconnected for this instance("/home/tugmirk/gowin/IDE/ipcore/HYPERRAM/data/hpram_code_1N2A.v":1285)
Compiling module '**'("/home/tugmirk/gowin/IDE/ipcore/HYPERRAM/data/hpram_code_1N2A.v":1285)
Extracting RAM for identifier '**'("/home/tugmirk/gowin/IDE/ipcore/HYPERRAM/data/hpram_code_1N2A.v":1285)
WARN  (EX3791) : Expression size ** truncated to fit in target size **("/home/tugmirk/gowin/IDE/ipcore/HYPERRAM/data/hpram_code_1N2A.v":1285)
WARN  (EX2565) : Input '**' on this instance is undriven. Assigning to 0, simulation mismatch possible. Please assign the input or remove the declaration("/home/tugmirk/gowin/IDE/ipcore/HYPERRAM/data/hpram_code_1N2A.v":1285)
NOTE  (EX0101) : Current top module is "HyperRAM_Memory_Interface_Top"
WARN  (EX0211) : The output port "recalib" of module "~hpram_lane.HyperRAM_Memory_Interface_Top" has no driver, assigning undriven bits to Z, simulation mismatch possible("/home/tugmirk/gowin/IDE/ipcore/HYPERRAM/data/hpram_code_1N2A.v":1285)
WARN  (EX0211) : The output port "Cs_n" of module "~hpram_init.HyperRAM_Memory_Interface_Top" has no driver, assigning undriven bits to Z, simulation mismatch possible("/home/tugmirk/gowin/IDE/ipcore/HYPERRAM/data/hpram_code_1N2A.v":1285)
WARN  (EX0211) : The output port "STEN[1]" of module "~hpram_init.HyperRAM_Memory_Interface_Top" has no driver, assigning undriven bits to Z, simulation mismatch possible("/home/tugmirk/gowin/IDE/ipcore/HYPERRAM/data/hpram_code_1N2A.v":1285)
WARN  (EX0211) : The output port "STEN[0]" of module "~hpram_init.HyperRAM_Memory_Interface_Top" has no driver, assigning undriven bits to Z, simulation mismatch possible("/home/tugmirk/gowin/IDE/ipcore/HYPERRAM/data/hpram_code_1N2A.v":1285)
WARN  (NL0001) : Sweep user defined dangling instance "u_hpram_top/u_hpram_wd/rwds_iodelay_gen[0].iodelay_rwds"("/home/tugmirk/gowin/IDE/ipcore/HYPERRAM/data/hpram_code_1N2A.v":1285)
WARN  (NL0001) : Sweep user defined dangling instance "u_hpram_top/u_hpram_wd/rwds_iodelay_gen[1].iodelay_rwds"("/home/tugmirk/gowin/IDE/ipcore/HYPERRAM/data/hpram_code_1N2A.v":1285)
[5%] Running netlist conversion ...
Running device independent optimization ...
WARN  (DI0002) : Asynchronous register "cs_memsync[1]" initial values do not match with the Gowin library, simulation mismatch possible("/home/tugmirk/gowin/IDE/ipcore/HYPERRAM/data/hpram_code_1N2A.v":1285)
WARN  (DI0002) : Asynchronous register "ddr_rst_d1" initial values do not match with the Gowin library, simulation mismatch possible("/home/tugmirk/gowin/IDE/ipcore/HYPERRAM/data/hpram_code_1N2A.v":1285)
[10%] Optimizing Phase 0 completed
[15%] Optimizing Phase 1 completed
[25%] Optimizing Phase 2 completed
Running inference ...
[30%] Inferring Phase 0 completed
[40%] Inferring Phase 1 completed
[50%] Inferring Phase 2 completed
[55%] Inferring Phase 3 completed
Running technical mapping ...
[60%] Tech-Mapping Phase 0 completed
[65%] Tech-Mapping Phase 1 completed
[75%] Tech-Mapping Phase 2 completed
[80%] Tech-Mapping Phase 3 completed
[90%] Tech-Mapping Phase 4 completed
[95%] Generate netlist file "/home/tugmirk/tangnano9k_picorv32/picorv32/src/hyperram_memory_interface/temp/HYPERRAM/hyperram_memory_interface.vg" completed
Generate template file "/home/tugmirk/tangnano9k_picorv32/picorv32/src/hyperram_memory_interface/temp/HYPERRAM/hyperram_memory_interface_tmp.v" completed
[100%] Generate report file "/home/tugmirk/tangnano9k_picorv32/picorv32/src/hyperram_memory_interface/temp/HYPERRAM/hyperram_memory_interface_syn.rpt.html" completed
GowinSynthesis finish
